[18:26:02.097 Verbose] - BuildManager - D:\SOFTUNI\C#AdvancedModule\SoftUniCSharpAdvanced\OOP\ExamPreparation\Exam-16-August-2020\UnitTests\Computers-Skeleton\Computers.Tests\ComputerManagerTests.cs(9,17): error CS0246: The type or namespace name 'Computer' could not be found (are you missing a using directive or an assembly reference?)
[18:26:02.097 Verbose] - BuildManager - D:\SOFTUNI\C#AdvancedModule\SoftUniCSharpAdvanced\OOP\ExamPreparation\Exam-16-August-2020\UnitTests\Computers-Skeleton\Computers.Tests\ComputerManagerTests.cs(14,17): error CS0246: The type or namespace name 'ComputerManager' could not be found (are you missing a using directive or an assembly reference?)
[18:26:02.097 Verbose] - BuildManager - D:\SOFTUNI\C#AdvancedModule\SoftUniCSharpAdvanced\OOP\ExamPreparation\Exam-16-August-2020\UnitTests\Computers-Skeleton\Computers.Tests\ComputerManagerTests.cs(19,33): error CS0246: The type or namespace name 'Computer' could not be found (are you missing a using directive or an assembly reference?)
[18:26:02.097 Verbose] - BuildManager - D:\SOFTUNI\C#AdvancedModule\SoftUniCSharpAdvanced\OOP\ExamPreparation\Exam-16-August-2020\UnitTests\Computers-Skeleton\Computers.Tests\ComputerManagerTests.cs(21,40): error CS0246: The type or namespace name 'ComputerManager' could not be found (are you missing a using directive or an assembly reference?)
[18:26:02.097 Verbose] - BuildManager - D:\SOFTUNI\C#AdvancedModule\SoftUniCSharpAdvanced\OOP\ExamPreparation\Exam-16-August-2020\UnitTests\Computers-Skeleton\Computers.Tests\ComputerManagerTests.cs(52,13): error CS0246: The type or namespace name 'Computer' could not be found (are you missing a using directive or an assembly reference?)
[18:26:02.097 Verbose] - BuildManager - D:\SOFTUNI\C#AdvancedModule\SoftUniCSharpAdvanced\OOP\ExamPreparation\Exam-16-August-2020\UnitTests\Computers-Skeleton\Computers.Tests\ComputerManagerTests.cs(66,13): error CS0246: The type or namespace name 'Computer' could not be found (are you missing a using directive or an assembly reference?)
[18:26:02.097 Verbose] - BuildManager - D:\SOFTUNI\C#AdvancedModule\SoftUniCSharpAdvanced\OOP\ExamPreparation\Exam-16-August-2020\UnitTests\Computers-Skeleton\Computers.Tests\ComputerManagerTests.cs(66,38): error CS0246: The type or namespace name 'Computer' could not be found (are you missing a using directive or an assembly reference?)
[18:26:02.097 Verbose] - BuildManager - D:\SOFTUNI\C#AdvancedModule\SoftUniCSharpAdvanced\OOP\ExamPreparation\Exam-16-August-2020\UnitTests\Computers-Skeleton\Computers.Tests\ComputerManagerTests.cs(89,13): error CS0246: The type or namespace name 'Computer' could not be found (are you missing a using directive or an assembly reference?)
[18:26:02.097 Verbose] - BuildManager - D:\SOFTUNI\C#AdvancedModule\SoftUniCSharpAdvanced\OOP\ExamPreparation\Exam-16-August-2020\UnitTests\Computers-Skeleton\Computers.Tests\ComputerManagerTests.cs(161,13): error CS0246: The type or namespace name 'Computer' could not be found (are you missing a using directive or an assembly reference?)
[18:26:02.097 Verbose] - BuildManager - D:\SOFTUNI\C#AdvancedModule\SoftUniCSharpAdvanced\OOP\ExamPreparation\Exam-16-August-2020\UnitTests\Computers-Skeleton\Computers.Tests\ComputerManagerTests.cs(181,18): error CS0246: The type or namespace name 'Computer' could not be found (are you missing a using directive or an assembly reference?)
[18:26:02.097 Verbose] - BuildManager - D:\SOFTUNI\C#AdvancedModule\SoftUniCSharpAdvanced\OOP\ExamPreparation\Exam-16-August-2020\UnitTests\Computers-Skeleton\Computers.Tests\ComputerManagerTests.cs(181,52): error CS0246: The type or namespace name 'Computer' could not be found (are you missing a using directive or an assembly reference?)
[18:26:02.097 Verbose] - BuildManager - D:\SOFTUNI\C#AdvancedModule\SoftUniCSharpAdvanced\OOP\ExamPreparation\Exam-16-August-2020\UnitTests\Computers-Skeleton\Computers.Tests\ComputerManagerTests.cs(183,13): error CS0246: The type or namespace name 'Computer' could not be found (are you missing a using directive or an assembly reference?)
[18:26:02.097 Verbose] - BuildManager - D:\SOFTUNI\C#AdvancedModule\SoftUniCSharpAdvanced\OOP\ExamPreparation\Exam-16-August-2020\UnitTests\Computers-Skeleton\Computers.Tests\ComputerManagerTests.cs(183,38): error CS0246: The type or namespace name 'Computer' could not be found (are you missing a using directive or an assembly reference?)
[18:26:02.097 Verbose] - BuildManager - D:\SOFTUNI\C#AdvancedModule\SoftUniCSharpAdvanced\OOP\ExamPreparation\Exam-16-August-2020\UnitTests\Computers-Skeleton\Computers.Tests\ComputerManagerTests.cs(184,13): error CS0246: The type or namespace name 'Computer' could not be found (are you missing a using directive or an assembly reference?)
[18:26:02.097 Verbose] - BuildManager - D:\SOFTUNI\C#AdvancedModule\SoftUniCSharpAdvanced\OOP\ExamPreparation\Exam-16-August-2020\UnitTests\Computers-Skeleton\Computers.Tests\ComputerManagerTests.cs(184,38): error CS0246: The type or namespace name 'Computer' could not be found (are you missing a using directive or an assembly reference?)
[18:26:02.097 Verbose] - BuildManager - D:\SOFTUNI\C#AdvancedModule\SoftUniCSharpAdvanced\OOP\ExamPreparation\Exam-16-August-2020\UnitTests\Computers-Skeleton\Computers.Tests\ComputerManagerTests.cs(185,13): error CS0246: The type or namespace name 'Computer' could not be found (are you missing a using directive or an assembly reference?)
[18:26:02.097 Verbose] - BuildManager - D:\SOFTUNI\C#AdvancedModule\SoftUniCSharpAdvanced\OOP\ExamPreparation\Exam-16-August-2020\UnitTests\Computers-Skeleton\Computers.Tests\ComputerManagerTests.cs(185,38): error CS0246: The type or namespace name 'Computer' could not be found (are you missing a using directive or an assembly reference?)
[18:26:02.097 Verbose] - BuildManager - C:\Program Files (x86)\Microsoft Visual Studio\2019\Enterprise\MSBuild\Current\Bin\Roslyn\Microsoft.CSharp.Core.targets(71,5): error MSB4181: The "Csc" task returned false but did not log an error.
[18:26:02.097 Verbose] - BuildManager - Some of the file paths defined in the csproj under the Live Unit Testing build path are missing. Verify whether these files should be present under the Live Unit Testing build path and if necessary update the csproj definition to look these files up in a different place.
[18:26:02.097 Verbose] - BuildManager - Item _OutputPathItem 'D:\SOFTUNI\C#AdvancedModule\SoftUniCSharpAdvanced\OOP\ExamPreparation\Exam-16-August-2020\UnitTests\Computers-Skeleton\.vs\Computers\v16\lut\0\b\Computers.Tests\Debug\netcoreapp3.1\' evaluated via:
_OutputPathItem: '$(OutDir)' @ C:\Program Files (x86)\Microsoft Visual Studio\2019\Enterprise\MSBuild\Current\Bin\Microsoft.Common.CurrentVersion.targets:309
  OutDir: '$([MSBuild]::EnsureTrailingSlash($([MSBuild]::ValueOrDefault('$(OutDir)', '$(OutputPath)'))))' @ C:\Program Files (x86)\Microsoft Visual Studio\2019\Enterprise\MSBuild\Current\Bin\Microsoft.Common.CurrentVersion.targets:230
    OutDir: '[Undefined]'
    OutputPath: '$([MSBuild]::EnsureTrailingSlash('$(OutputPath)'))' @ C:\Program Files (x86)\Microsoft Visual Studio\2019\Enterprise\MSBuild\Current\Bin\Microsoft.Common.CurrentVersion.targets:157
      OutputPath: '$(OutputPath)$(TargetFramework.ToLowerInvariant())\' @ C:\Program Files\dotnet\sdk\5.0.201\Sdks\Microsoft.NET.Sdk\targets\Microsoft.NET.TargetFrameworkInference.targets:242
        OutputPath: '$(BaseOutputPath)$(Configuration)\' @ C:\Program Files\dotnet\sdk\5.0.201\Sdks\Microsoft.NET.Sdk\targets\Microsoft.NET.DefaultOutputPaths.targets:33
          BaseOutputPath: 'D:\SOFTUNI\C#AdvancedModule\SoftUniCSharpAdvanced\OOP\ExamPreparation\Exam-16-August-2020\UnitTests\Computers-Skeleton\.vs\Computers\v16\lut\0\b\Computers.Tests\' @ D:\SOFTUNI\C#AdvancedModule\SoftUniCSharpAdvanced\OOP\ExamPreparation\Exam-16-August-2020\UnitTests\Computers-Skeleton\Computers.Tests\Computers.Tests.csproj:0
          Configuration: 'Debug'
[18:26:02.097 Verbose] - BuildManager - Item AppConfigFileDestination 'D:\SOFTUNI\C#AdvancedModule\SoftUniCSharpAdvanced\OOP\ExamPreparation\Exam-16-August-2020\UnitTests\Computers-Skeleton\.vs\Computers\v16\lut\0\b\Computers.Tests\Debug\netcoreapp3.1\Computers.Tests.dll.config' evaluated via:
AppConfigFileDestination: '$(OutDir)$(TargetFileName).config' @ C:\Program Files (x86)\Microsoft Visual Studio\2019\Enterprise\MSBuild\Current\Bin\Microsoft.Common.CurrentVersion.targets:337
  OutDir: '$([MSBuild]::EnsureTrailingSlash($([MSBuild]::ValueOrDefault('$(OutDir)', '$(OutputPath)'))))' @ C:\Program Files (x86)\Microsoft Visual Studio\2019\Enterprise\MSBuild\Current\Bin\Microsoft.Common.CurrentVersion.targets:230
    OutDir: '[Undefined]'
    OutputPath: '$([MSBuild]::EnsureTrailingSlash('$(OutputPath)'))' @ C:\Program Files (x86)\Microsoft Visual Studio\2019\Enterprise\MSBuild\Current\Bin\Microsoft.Common.CurrentVersion.targets:157
      OutputPath: '$(OutputPath)$(TargetFramework.ToLowerInvariant())\' @ C:\Program Files\dotnet\sdk\5.0.201\Sdks\Microsoft.NET.Sdk\targets\Microsoft.NET.TargetFrameworkInference.targets:242
        OutputPath: '$(BaseOutputPath)$(Configuration)\' @ C:\Program Files\dotnet\sdk\5.0.201\Sdks\Microsoft.NET.Sdk\targets\Microsoft.NET.DefaultOutputPaths.targets:33
          BaseOutputPath: 'D:\SOFTUNI\C#AdvancedModule\SoftUniCSharpAdvanced\OOP\ExamPreparation\Exam-16-August-2020\UnitTests\Computers-Skeleton\.vs\Computers\v16\lut\0\b\Computers.Tests\' @ D:\SOFTUNI\C#AdvancedModule\SoftUniCSharpAdvanced\OOP\ExamPreparation\Exam-16-August-2020\UnitTests\Computers-Skeleton\Computers.Tests\Computers.Tests.csproj:0
          Configuration: 'Debug'
  TargetFileName: '$(TargetName)$(TargetExt)' @ C:\Program Files (x86)\Microsoft Visual Studio\2019\Enterprise\MSBuild\Current\Bin\Microsoft.Common.CurrentVersion.targets:247
    TargetName: '$(AssemblyName)' @ C:\Program Files (x86)\Microsoft Visual Studio\2019\Enterprise\MSBuild\Current\Bin\Microsoft.Common.CurrentVersion.targets:239
      AssemblyName: '$(MSBuildProjectName)' @ C:\Program Files\dotnet\sdk\5.0.201\Sdks\Microsoft.NET.Sdk\targets\Microsoft.NET.Sdk.props:32
        MSBuildProjectName: 'Computers.Tests'
    TargetExt: '.dll' @ C:\Program Files\dotnet\sdk\5.0.201\Sdks\Microsoft.NET.Sdk\targets\Microsoft.NET.Sdk.BeforeCommon.targets:101
[18:26:02.097 Verbose] - BuildManager - Item _DebugSymbolsOutputPath 'D:\SOFTUNI\C#AdvancedModule\SoftUniCSharpAdvanced\OOP\ExamPreparation\Exam-16-August-2020\UnitTests\Computers-Skeleton\.vs\Computers\v16\lut\0\b\Computers.Tests\Debug\netcoreapp3.1\Computers.Tests.pdb' evaluated via:
_DebugSymbolsOutputPath: '@(_DebugSymbolsIntermediatePath->'$(OutDir)%(Filename)%(Extension)')' @ C:\Program Files (x86)\Microsoft Visual Studio\2019\Enterprise\MSBuild\Current\Bin\Microsoft.Common.CurrentVersion.targets:400
  OutDir: '$([MSBuild]::EnsureTrailingSlash($([MSBuild]::ValueOrDefault('$(OutDir)', '$(OutputPath)'))))' @ C:\Program Files (x86)\Microsoft Visual Studio\2019\Enterprise\MSBuild\Current\Bin\Microsoft.Common.CurrentVersion.targets:230
    OutDir: '[Undefined]'
    OutputPath: '$([MSBuild]::EnsureTrailingSlash('$(OutputPath)'))' @ C:\Program Files (x86)\Microsoft Visual Studio\2019\Enterprise\MSBuild\Current\Bin\Microsoft.Common.CurrentVersion.targets:157
      OutputPath: '$(OutputPath)$(TargetFramework.ToLowerInvariant())\' @ C:\Program Files\dotnet\sdk\5.0.201\Sdks\Microsoft.NET.Sdk\targets\Microsoft.NET.TargetFrameworkInference.targets:242
        OutputPath: '$(BaseOutputPath)$(Configuration)\' @ C:\Program Files\dotnet\sdk\5.0.201\Sdks\Microsoft.NET.Sdk\targets\Microsoft.NET.DefaultOutputPaths.targets:33
          BaseOutputPath: 'D:\SOFTUNI\C#AdvancedModule\SoftUniCSharpAdvanced\OOP\ExamPreparation\Exam-16-August-2020\UnitTests\Computers-Skeleton\.vs\Computers\v16\lut\0\b\Computers.Tests\' @ D:\SOFTUNI\C#AdvancedModule\SoftUniCSharpAdvanced\OOP\ExamPreparation\Exam-16-August-2020\UnitTests\Computers-Skeleton\Computers.Tests\Computers.Tests.csproj:0
          Configuration: 'Debug'
[18:26:02.097 Verbose] - BuildManager - Item _ApplicationManifestFinal 'D:\SOFTUNI\C#AdvancedModule\SoftUniCSharpAdvanced\OOP\ExamPreparation\Exam-16-August-2020\UnitTests\Computers-Skeleton\.vs\Computers\v16\lut\0\b\Computers.Tests\Debug\netcoreapp3.1\Native.Computers.Tests.manifest' evaluated via:
_ApplicationManifestFinal: '$(OutDir)$(_DeploymentTargetApplicationManifestFileName)' @ C:\Program Files (x86)\Microsoft Visual Studio\2019\Enterprise\MSBuild\Current\Bin\Microsoft.Common.CurrentVersion.targets:438
  OutDir: '$([MSBuild]::EnsureTrailingSlash($([MSBuild]::ValueOrDefault('$(OutDir)', '$(OutputPath)'))))' @ C:\Program Files (x86)\Microsoft Visual Studio\2019\Enterprise\MSBuild\Current\Bin\Microsoft.Common.CurrentVersion.targets:230
    OutDir: '[Undefined]'
    OutputPath: '$([MSBuild]::EnsureTrailingSlash('$(OutputPath)'))' @ C:\Program Files (x86)\Microsoft Visual Studio\2019\Enterprise\MSBuild\Current\Bin\Microsoft.Common.CurrentVersion.targets:157
      OutputPath: '$(OutputPath)$(TargetFramework.ToLowerInvariant())\' @ C:\Program Files\dotnet\sdk\5.0.201\Sdks\Microsoft.NET.Sdk\targets\Microsoft.NET.TargetFrameworkInference.targets:242
        OutputPath: '$(BaseOutputPath)$(Configuration)\' @ C:\Program Files\dotnet\sdk\5.0.201\Sdks\Microsoft.NET.Sdk\targets\Microsoft.NET.DefaultOutputPaths.targets:33
          BaseOutputPath: 'D:\SOFTUNI\C#AdvancedModule\SoftUniCSharpAdvanced\OOP\ExamPreparation\Exam-16-August-2020\UnitTests\Computers-Skeleton\.vs\Computers\v16\lut\0\b\Computers.Tests\' @ D:\SOFTUNI\C#AdvancedModule\SoftUniCSharpAdvanced\OOP\ExamPreparation\Exam-16-August-2020\UnitTests\Computers-Skeleton\Computers.Tests\Computers.Tests.csproj:0
          Configuration: 'Debug'
  _DeploymentTargetApplicationManifestFileName: 'Native.$(AssemblyName).manifest' @ C:\Program Files (x86)\Microsoft Visual Studio\2019\Enterprise\MSBuild\Current\Bin\Microsoft.Common.CurrentVersion.targets:263
    AssemblyName: '$(MSBuildProjectName)' @ C:\Program Files\dotnet\sdk\5.0.201\Sdks\Microsoft.NET.Sdk\targets\Microsoft.NET.Sdk.props:32
      MSBuildProjectName: 'Computers.Tests'
