[11:46:38.454 Verbose] - BuildManager - D:\SOFTUNI\C#AdvancedModule\SoftUniCSharpAdvanced\OOP\UnitTesting\Exercise\FightingArena.Tests\ArenaTests.cs(9,17): error CS0246: The type or namespace name 'Arena' could not be found (are you missing a using directive or an assembly reference?)
[11:46:38.454 Verbose] - BuildManager - D:\SOFTUNI\C#AdvancedModule\SoftUniCSharpAdvanced\OOP\UnitTesting\Exercise\FightingArena.Tests\ArenaTests.cs(10,17): error CS0246: The type or namespace name 'Warrior' could not be found (are you missing a using directive or an assembly reference?)
[11:46:38.454 Verbose] - BuildManager - D:\SOFTUNI\C#AdvancedModule\SoftUniCSharpAdvanced\OOP\UnitTesting\Exercise\FightingArena.Tests\ArenaTests.cs(11,17): error CS0246: The type or namespace name 'Warrior' could not be found (are you missing a using directive or an assembly reference?)
[11:46:38.454 Verbose] - BuildManager - D:\SOFTUNI\C#AdvancedModule\SoftUniCSharpAdvanced\OOP\UnitTesting\Exercise\FightingArena.Tests\WarriorTests.cs(10,17): error CS0246: The type or namespace name 'Warrior' could not be found (are you missing a using directive or an assembly reference?)
[11:46:38.454 Verbose] - BuildManager - D:\SOFTUNI\C#AdvancedModule\SoftUniCSharpAdvanced\OOP\UnitTesting\Exercise\FightingArena.Tests\WarriorTests.cs(15,32): error CS0246: The type or namespace name 'Warrior' could not be found (are you missing a using directive or an assembly reference?)
[11:46:38.454 Verbose] - BuildManager - D:\SOFTUNI\C#AdvancedModule\SoftUniCSharpAdvanced\OOP\UnitTesting\Exercise\FightingArena.Tests\ArenaTests.cs(16,30): error CS0246: The type or namespace name 'Arena' could not be found (are you missing a using directive or an assembly reference?)
[11:46:38.454 Verbose] - BuildManager - D:\SOFTUNI\C#AdvancedModule\SoftUniCSharpAdvanced\OOP\UnitTesting\Exercise\FightingArena.Tests\ArenaTests.cs(17,33): error CS0246: The type or namespace name 'Warrior' could not be found (are you missing a using directive or an assembly reference?)
[11:46:38.454 Verbose] - BuildManager - D:\SOFTUNI\C#AdvancedModule\SoftUniCSharpAdvanced\OOP\UnitTesting\Exercise\FightingArena.Tests\ArenaTests.cs(18,33): error CS0246: The type or namespace name 'Warrior' could not be found (are you missing a using directive or an assembly reference?)
[11:46:38.454 Verbose] - BuildManager - D:\SOFTUNI\C#AdvancedModule\SoftUniCSharpAdvanced\OOP\UnitTesting\Exercise\FightingArena.Tests\ArenaTests.cs(26,32): error CS1503: Argument 2: cannot convert from 'method group' to 'object'
[11:46:38.454 Verbose] - BuildManager - D:\SOFTUNI\C#AdvancedModule\SoftUniCSharpAdvanced\OOP\UnitTesting\Exercise\FightingArena.Tests\ArenaTests.cs(33,13): error CS0246: The type or namespace name 'Warrior' could not be found (are you missing a using directive or an assembly reference?)
[11:46:38.454 Verbose] - BuildManager - D:\SOFTUNI\C#AdvancedModule\SoftUniCSharpAdvanced\OOP\UnitTesting\Exercise\FightingArena.Tests\ArenaTests.cs(33,35): error CS0246: The type or namespace name 'Warrior' could not be found (are you missing a using directive or an assembly reference?)
[11:46:38.454 Verbose] - BuildManager - D:\SOFTUNI\C#AdvancedModule\SoftUniCSharpAdvanced\OOP\UnitTesting\Exercise\FightingArena.Tests\ArenaTests.cs(39,39): error CS1503: Argument 2: cannot convert from 'method group' to 'object'
[11:46:38.454 Verbose] - BuildManager - D:\SOFTUNI\C#AdvancedModule\SoftUniCSharpAdvanced\OOP\UnitTesting\Exercise\FightingArena.Tests\WarriorTests.cs(43,17): error CS0246: The type or namespace name 'Warrior' could not be found (are you missing a using directive or an assembly reference?)
[11:46:38.454 Verbose] - BuildManager - D:\SOFTUNI\C#AdvancedModule\SoftUniCSharpAdvanced\OOP\UnitTesting\Exercise\FightingArena.Tests\WarriorTests.cs(43,39): error CS0246: The type or namespace name 'Warrior' could not be found (are you missing a using directive or an assembly reference?)
[11:46:38.454 Verbose] - BuildManager - D:\SOFTUNI\C#AdvancedModule\SoftUniCSharpAdvanced\OOP\UnitTesting\Exercise\FightingArena.Tests\WarriorTests.cs(59,17): error CS0246: The type or namespace name 'Warrior' could not be found (are you missing a using directive or an assembly reference?)
[11:46:38.454 Verbose] - BuildManager - D:\SOFTUNI\C#AdvancedModule\SoftUniCSharpAdvanced\OOP\UnitTesting\Exercise\FightingArena.Tests\WarriorTests.cs(59,39): error CS0246: The type or namespace name 'Warrior' could not be found (are you missing a using directive or an assembly reference?)
[11:46:38.454 Verbose] - BuildManager - D:\SOFTUNI\C#AdvancedModule\SoftUniCSharpAdvanced\OOP\UnitTesting\Exercise\FightingArena.Tests\ArenaTests.cs(45,13): error CS0246: The type or namespace name 'Warrior' could not be found (are you missing a using directive or an assembly reference?)
[11:46:38.454 Verbose] - BuildManager - D:\SOFTUNI\C#AdvancedModule\SoftUniCSharpAdvanced\OOP\UnitTesting\Exercise\FightingArena.Tests\ArenaTests.cs(45,38): error CS0246: The type or namespace name 'Warrior' could not be found (are you missing a using directive or an assembly reference?)
[11:46:38.454 Verbose] - BuildManager - D:\SOFTUNI\C#AdvancedModule\SoftUniCSharpAdvanced\OOP\UnitTesting\Exercise\FightingArena.Tests\ArenaTests.cs(46,13): error CS0246: The type or namespace name 'Warrior' could not be found (are you missing a using directive or an assembly reference?)
[11:46:38.454 Verbose] - BuildManager - D:\SOFTUNI\C#AdvancedModule\SoftUniCSharpAdvanced\OOP\UnitTesting\Exercise\FightingArena.Tests\ArenaTests.cs(46,38): error CS0246: The type or namespace name 'Warrior' could not be found (are you missing a using directive or an assembly reference?)
[11:46:38.454 Verbose] - BuildManager - D:\SOFTUNI\C#AdvancedModule\SoftUniCSharpAdvanced\OOP\UnitTesting\Exercise\FightingArena.Tests\WarriorTests.cs(74,17): error CS0246: The type or namespace name 'Warrior' could not be found (are you missing a using directive or an assembly reference?)
[11:46:38.454 Verbose] - BuildManager - D:\SOFTUNI\C#AdvancedModule\SoftUniCSharpAdvanced\OOP\UnitTesting\Exercise\FightingArena.Tests\WarriorTests.cs(74,39): error CS0246: The type or namespace name 'Warrior' could not be found (are you missing a using directive or an assembly reference?)
[11:46:38.454 Verbose] - BuildManager - D:\SOFTUNI\C#AdvancedModule\SoftUniCSharpAdvanced\OOP\UnitTesting\Exercise\FightingArena.Tests\WarriorTests.cs(87,13): error CS0246: The type or namespace name 'Warrior' could not be found (are you missing a using directive or an assembly reference?)
[11:46:38.454 Verbose] - BuildManager - D:\SOFTUNI\C#AdvancedModule\SoftUniCSharpAdvanced\OOP\UnitTesting\Exercise\FightingArena.Tests\WarriorTests.cs(87,36): error CS0246: The type or namespace name 'Warrior' could not be found (are you missing a using directive or an assembly reference?)
[11:46:38.454 Verbose] - BuildManager - D:\SOFTUNI\C#AdvancedModule\SoftUniCSharpAdvanced\OOP\UnitTesting\Exercise\FightingArena.Tests\WarriorTests.cs(93,13): error CS0246: The type or namespace name 'Warrior' could not be found (are you missing a using directive or an assembly reference?)
[11:46:38.454 Verbose] - BuildManager - D:\SOFTUNI\C#AdvancedModule\SoftUniCSharpAdvanced\OOP\UnitTesting\Exercise\FightingArena.Tests\WarriorTests.cs(93,36): error CS0246: The type or namespace name 'Warrior' could not be found (are you missing a using directive or an assembly reference?)
[11:46:38.454 Verbose] - BuildManager - D:\SOFTUNI\C#AdvancedModule\SoftUniCSharpAdvanced\OOP\UnitTesting\Exercise\FightingArena.Tests\WarriorTests.cs(112,13): error CS0246: The type or namespace name 'Warrior' could not be found (are you missing a using directive or an assembly reference?)
[11:46:38.454 Verbose] - BuildManager - D:\SOFTUNI\C#AdvancedModule\SoftUniCSharpAdvanced\OOP\UnitTesting\Exercise\FightingArena.Tests\WarriorTests.cs(112,36): error CS0246: The type or namespace name 'Warrior' could not be found (are you missing a using directive or an assembly reference?)
[11:46:38.454 Verbose] - BuildManager - D:\SOFTUNI\C#AdvancedModule\SoftUniCSharpAdvanced\OOP\UnitTesting\Exercise\FightingArena.Tests\WarriorTests.cs(118,13): error CS0246: The type or namespace name 'Warrior' could not be found (are you missing a using directive or an assembly reference?)
[11:46:38.454 Verbose] - BuildManager - D:\SOFTUNI\C#AdvancedModule\SoftUniCSharpAdvanced\OOP\UnitTesting\Exercise\FightingArena.Tests\WarriorTests.cs(118,36): error CS0246: The type or namespace name 'Warrior' could not be found (are you missing a using directive or an assembly reference?)
[11:46:38.454 Verbose] - BuildManager - D:\SOFTUNI\C#AdvancedModule\SoftUniCSharpAdvanced\OOP\UnitTesting\Exercise\FightingArena.Tests\ArenaTests.cs(64,13): error CS0246: The type or namespace name 'Warrior' could not be found (are you missing a using directive or an assembly reference?)
[11:46:38.454 Verbose] - BuildManager - D:\SOFTUNI\C#AdvancedModule\SoftUniCSharpAdvanced\OOP\UnitTesting\Exercise\FightingArena.Tests\ArenaTests.cs(65,13): error CS0246: The type or namespace name 'Warrior' could not be found (are you missing a using directive or an assembly reference?)
[11:46:38.454 Verbose] - BuildManager - D:\SOFTUNI\C#AdvancedModule\SoftUniCSharpAdvanced\OOP\UnitTesting\Exercise\FightingArena.Tests\WarriorTests.cs(135,13): error CS0246: The type or namespace name 'Warrior' could not be found (are you missing a using directive or an assembly reference?)
[11:46:38.454 Verbose] - BuildManager - D:\SOFTUNI\C#AdvancedModule\SoftUniCSharpAdvanced\OOP\UnitTesting\Exercise\FightingArena.Tests\WarriorTests.cs(135,36): error CS0246: The type or namespace name 'Warrior' could not be found (are you missing a using directive or an assembly reference?)
[11:46:38.454 Verbose] - BuildManager - D:\SOFTUNI\C#AdvancedModule\SoftUniCSharpAdvanced\OOP\UnitTesting\Exercise\FightingArena.Tests\WarriorTests.cs(141,13): error CS0246: The type or namespace name 'Warrior' could not be found (are you missing a using directive or an assembly reference?)
[11:46:38.454 Verbose] - BuildManager - D:\SOFTUNI\C#AdvancedModule\SoftUniCSharpAdvanced\OOP\UnitTesting\Exercise\FightingArena.Tests\WarriorTests.cs(141,36): error CS0246: The type or namespace name 'Warrior' could not be found (are you missing a using directive or an assembly reference?)
[11:46:38.454 Verbose] - BuildManager - D:\SOFTUNI\C#AdvancedModule\SoftUniCSharpAdvanced\OOP\UnitTesting\Exercise\FightingArena.Tests\WarriorTests.cs(154,13): error CS0246: The type or namespace name 'Warrior' could not be found (are you missing a using directive or an assembly reference?)
[11:46:38.454 Verbose] - BuildManager - D:\SOFTUNI\C#AdvancedModule\SoftUniCSharpAdvanced\OOP\UnitTesting\Exercise\FightingArena.Tests\WarriorTests.cs(154,33): error CS0246: The type or namespace name 'Warrior' could not be found (are you missing a using directive or an assembly reference?)
[11:46:38.454 Verbose] - BuildManager - D:\SOFTUNI\C#AdvancedModule\SoftUniCSharpAdvanced\OOP\UnitTesting\Exercise\FightingArena.Tests\WarriorTests.cs(166,13): error CS0246: The type or namespace name 'Warrior' could not be found (are you missing a using directive or an assembly reference?)
[11:46:38.454 Verbose] - BuildManager - D:\SOFTUNI\C#AdvancedModule\SoftUniCSharpAdvanced\OOP\UnitTesting\Exercise\FightingArena.Tests\WarriorTests.cs(166,33): error CS0246: The type or namespace name 'Warrior' could not be found (are you missing a using directive or an assembly reference?)
[11:46:38.454 Verbose] - BuildManager - D:\SOFTUNI\C#AdvancedModule\SoftUniCSharpAdvanced\OOP\UnitTesting\Exercise\FightingArena.Tests\WarriorTests.cs(178,32): error CS0246: The type or namespace name 'Warrior' could not be found (are you missing a using directive or an assembly reference?)
[11:46:38.454 Verbose] - BuildManager - D:\SOFTUNI\C#AdvancedModule\SoftUniCSharpAdvanced\OOP\UnitTesting\Exercise\FightingArena.Tests\WarriorTests.cs(179,13): error CS0246: The type or namespace name 'Warrior' could not be found (are you missing a using directive or an assembly reference?)
[11:46:38.454 Verbose] - BuildManager - D:\SOFTUNI\C#AdvancedModule\SoftUniCSharpAdvanced\OOP\UnitTesting\Exercise\FightingArena.Tests\WarriorTests.cs(179,33): error CS0246: The type or namespace name 'Warrior' could not be found (are you missing a using directive or an assembly reference?)
[11:46:38.454 Verbose] - BuildManager - C:\Program Files (x86)\Microsoft Visual Studio\2019\Enterprise\MSBuild\Current\Bin\Roslyn\Microsoft.CSharp.Core.targets(71,5): error MSB4181: The "Csc" task returned false but did not log an error.
[11:46:38.457 Verbose] - BuildManager - Some of the file paths defined in the csproj under the Live Unit Testing build path are missing. Verify whether these files should be present under the Live Unit Testing build path and if necessary update the csproj definition to look these files up in a different place.
[11:46:38.457 Verbose] - BuildManager - Item _OutputPathItem 'D:\SOFTUNI\C#AdvancedModule\SoftUniCSharpAdvanced\OOP\UnitTesting\Exercise\.vs\UnitTesting-Skeleton\v16\lut\0\b\FightingArena.Tests\Debug\netcoreapp3.1\' evaluated via:
_OutputPathItem: '$(OutDir)' @ C:\Program Files (x86)\Microsoft Visual Studio\2019\Enterprise\MSBuild\Current\Bin\Microsoft.Common.CurrentVersion.targets:309
  OutDir: '$([MSBuild]::EnsureTrailingSlash($([MSBuild]::ValueOrDefault('$(OutDir)', '$(OutputPath)'))))' @ C:\Program Files (x86)\Microsoft Visual Studio\2019\Enterprise\MSBuild\Current\Bin\Microsoft.Common.CurrentVersion.targets:230
    OutDir: '[Undefined]'
    OutputPath: '$([MSBuild]::EnsureTrailingSlash('$(OutputPath)'))' @ C:\Program Files (x86)\Microsoft Visual Studio\2019\Enterprise\MSBuild\Current\Bin\Microsoft.Common.CurrentVersion.targets:157
      OutputPath: '$(OutputPath)$(TargetFramework.ToLowerInvariant())\' @ C:\Program Files\dotnet\sdk\5.0.201\Sdks\Microsoft.NET.Sdk\targets\Microsoft.NET.TargetFrameworkInference.targets:242
        OutputPath: '$(BaseOutputPath)$(Configuration)\' @ C:\Program Files\dotnet\sdk\5.0.201\Sdks\Microsoft.NET.Sdk\targets\Microsoft.NET.DefaultOutputPaths.targets:33
          BaseOutputPath: 'D:\SOFTUNI\C#AdvancedModule\SoftUniCSharpAdvanced\OOP\UnitTesting\Exercise\.vs\UnitTesting-Skeleton\v16\lut\0\b\FightingArena.Tests\' @ D:\SOFTUNI\C#AdvancedModule\SoftUniCSharpAdvanced\OOP\UnitTesting\Exercise\FightingArena.Tests\FightingArena.Tests.csproj:0
          Configuration: 'Debug'
[11:46:38.457 Verbose] - BuildManager - Item AppConfigFileDestination 'D:\SOFTUNI\C#AdvancedModule\SoftUniCSharpAdvanced\OOP\UnitTesting\Exercise\.vs\UnitTesting-Skeleton\v16\lut\0\b\FightingArena.Tests\Debug\netcoreapp3.1\FightingArena.Tests.dll.config' evaluated via:
AppConfigFileDestination: '$(OutDir)$(TargetFileName).config' @ C:\Program Files (x86)\Microsoft Visual Studio\2019\Enterprise\MSBuild\Current\Bin\Microsoft.Common.CurrentVersion.targets:337
  OutDir: '$([MSBuild]::EnsureTrailingSlash($([MSBuild]::ValueOrDefault('$(OutDir)', '$(OutputPath)'))))' @ C:\Program Files (x86)\Microsoft Visual Studio\2019\Enterprise\MSBuild\Current\Bin\Microsoft.Common.CurrentVersion.targets:230
    OutDir: '[Undefined]'
    OutputPath: '$([MSBuild]::EnsureTrailingSlash('$(OutputPath)'))' @ C:\Program Files (x86)\Microsoft Visual Studio\2019\Enterprise\MSBuild\Current\Bin\Microsoft.Common.CurrentVersion.targets:157
      OutputPath: '$(OutputPath)$(TargetFramework.ToLowerInvariant())\' @ C:\Program Files\dotnet\sdk\5.0.201\Sdks\Microsoft.NET.Sdk\targets\Microsoft.NET.TargetFrameworkInference.targets:242
        OutputPath: '$(BaseOutputPath)$(Configuration)\' @ C:\Program Files\dotnet\sdk\5.0.201\Sdks\Microsoft.NET.Sdk\targets\Microsoft.NET.DefaultOutputPaths.targets:33
          BaseOutputPath: 'D:\SOFTUNI\C#AdvancedModule\SoftUniCSharpAdvanced\OOP\UnitTesting\Exercise\.vs\UnitTesting-Skeleton\v16\lut\0\b\FightingArena.Tests\' @ D:\SOFTUNI\C#AdvancedModule\SoftUniCSharpAdvanced\OOP\UnitTesting\Exercise\FightingArena.Tests\FightingArena.Tests.csproj:0
          Configuration: 'Debug'
  TargetFileName: '$(TargetName)$(TargetExt)' @ C:\Program Files (x86)\Microsoft Visual Studio\2019\Enterprise\MSBuild\Current\Bin\Microsoft.Common.CurrentVersion.targets:247
    TargetName: '$(AssemblyName)' @ C:\Program Files (x86)\Microsoft Visual Studio\2019\Enterprise\MSBuild\Current\Bin\Microsoft.Common.CurrentVersion.targets:239
      AssemblyName: '$(MSBuildProjectName)' @ C:\Program Files\dotnet\sdk\5.0.201\Sdks\Microsoft.NET.Sdk\targets\Microsoft.NET.Sdk.props:32
        MSBuildProjectName: 'FightingArena.Tests'
    TargetExt: '.dll' @ C:\Program Files\dotnet\sdk\5.0.201\Sdks\Microsoft.NET.Sdk\targets\Microsoft.NET.Sdk.BeforeCommon.targets:101
[11:46:38.457 Verbose] - BuildManager - Item _DebugSymbolsOutputPath 'D:\SOFTUNI\C#AdvancedModule\SoftUniCSharpAdvanced\OOP\UnitTesting\Exercise\.vs\UnitTesting-Skeleton\v16\lut\0\b\FightingArena.Tests\Debug\netcoreapp3.1\FightingArena.Tests.pdb' evaluated via:
_DebugSymbolsOutputPath: '@(_DebugSymbolsIntermediatePath->'$(OutDir)%(Filename)%(Extension)')' @ C:\Program Files (x86)\Microsoft Visual Studio\2019\Enterprise\MSBuild\Current\Bin\Microsoft.Common.CurrentVersion.targets:400
  OutDir: '$([MSBuild]::EnsureTrailingSlash($([MSBuild]::ValueOrDefault('$(OutDir)', '$(OutputPath)'))))' @ C:\Program Files (x86)\Microsoft Visual Studio\2019\Enterprise\MSBuild\Current\Bin\Microsoft.Common.CurrentVersion.targets:230
    OutDir: '[Undefined]'
    OutputPath: '$([MSBuild]::EnsureTrailingSlash('$(OutputPath)'))' @ C:\Program Files (x86)\Microsoft Visual Studio\2019\Enterprise\MSBuild\Current\Bin\Microsoft.Common.CurrentVersion.targets:157
      OutputPath: '$(OutputPath)$(TargetFramework.ToLowerInvariant())\' @ C:\Program Files\dotnet\sdk\5.0.201\Sdks\Microsoft.NET.Sdk\targets\Microsoft.NET.TargetFrameworkInference.targets:242
        OutputPath: '$(BaseOutputPath)$(Configuration)\' @ C:\Program Files\dotnet\sdk\5.0.201\Sdks\Microsoft.NET.Sdk\targets\Microsoft.NET.DefaultOutputPaths.targets:33
          BaseOutputPath: 'D:\SOFTUNI\C#AdvancedModule\SoftUniCSharpAdvanced\OOP\UnitTesting\Exercise\.vs\UnitTesting-Skeleton\v16\lut\0\b\FightingArena.Tests\' @ D:\SOFTUNI\C#AdvancedModule\SoftUniCSharpAdvanced\OOP\UnitTesting\Exercise\FightingArena.Tests\FightingArena.Tests.csproj:0
          Configuration: 'Debug'
[11:46:38.458 Verbose] - BuildManager - Item _ApplicationManifestFinal 'D:\SOFTUNI\C#AdvancedModule\SoftUniCSharpAdvanced\OOP\UnitTesting\Exercise\.vs\UnitTesting-Skeleton\v16\lut\0\b\FightingArena.Tests\Debug\netcoreapp3.1\Native.FightingArena.Tests.manifest' evaluated via:
_ApplicationManifestFinal: '$(OutDir)$(_DeploymentTargetApplicationManifestFileName)' @ C:\Program Files (x86)\Microsoft Visual Studio\2019\Enterprise\MSBuild\Current\Bin\Microsoft.Common.CurrentVersion.targets:438
  OutDir: '$([MSBuild]::EnsureTrailingSlash($([MSBuild]::ValueOrDefault('$(OutDir)', '$(OutputPath)'))))' @ C:\Program Files (x86)\Microsoft Visual Studio\2019\Enterprise\MSBuild\Current\Bin\Microsoft.Common.CurrentVersion.targets:230
    OutDir: '[Undefined]'
    OutputPath: '$([MSBuild]::EnsureTrailingSlash('$(OutputPath)'))' @ C:\Program Files (x86)\Microsoft Visual Studio\2019\Enterprise\MSBuild\Current\Bin\Microsoft.Common.CurrentVersion.targets:157
      OutputPath: '$(OutputPath)$(TargetFramework.ToLowerInvariant())\' @ C:\Program Files\dotnet\sdk\5.0.201\Sdks\Microsoft.NET.Sdk\targets\Microsoft.NET.TargetFrameworkInference.targets:242
        OutputPath: '$(BaseOutputPath)$(Configuration)\' @ C:\Program Files\dotnet\sdk\5.0.201\Sdks\Microsoft.NET.Sdk\targets\Microsoft.NET.DefaultOutputPaths.targets:33
          BaseOutputPath: 'D:\SOFTUNI\C#AdvancedModule\SoftUniCSharpAdvanced\OOP\UnitTesting\Exercise\.vs\UnitTesting-Skeleton\v16\lut\0\b\FightingArena.Tests\' @ D:\SOFTUNI\C#AdvancedModule\SoftUniCSharpAdvanced\OOP\UnitTesting\Exercise\FightingArena.Tests\FightingArena.Tests.csproj:0
          Configuration: 'Debug'
  _DeploymentTargetApplicationManifestFileName: 'Native.$(AssemblyName).manifest' @ C:\Program Files (x86)\Microsoft Visual Studio\2019\Enterprise\MSBuild\Current\Bin\Microsoft.Common.CurrentVersion.targets:263
    AssemblyName: '$(MSBuildProjectName)' @ C:\Program Files\dotnet\sdk\5.0.201\Sdks\Microsoft.NET.Sdk\targets\Microsoft.NET.Sdk.props:32
      MSBuildProjectName: 'FightingArena.Tests'
