[10:47:25.828 Verbose] - BuildManager - D:\SOFTUNI\C#AdvancedModule\SoftUniCSharpAdvanced\OOP\ExamPreparation\Exam-12-December-2020\Resources\03. Unit Tests_Unit_Tests_Skeleton\BankSafe.Tests\BankVaultTests.cs(9,17): error CS0246: The type or namespace name 'BankVault' could not be found (are you missing a using directive or an assembly reference?)
[10:47:25.828 Verbose] - BuildManager - D:\SOFTUNI\C#AdvancedModule\SoftUniCSharpAdvanced\OOP\ExamPreparation\Exam-12-December-2020\Resources\03. Unit Tests_Unit_Tests_Skeleton\BankSafe.Tests\BankVaultTests.cs(14,34): error CS0246: The type or namespace name 'BankVault' could not be found (are you missing a using directive or an assembly reference?)
[10:47:25.828 Verbose] - BuildManager - D:\SOFTUNI\C#AdvancedModule\SoftUniCSharpAdvanced\OOP\ExamPreparation\Exam-12-December-2020\Resources\03. Unit Tests_Unit_Tests_Skeleton\BankSafe.Tests\BankVaultTests.cs(29,13): error CS0246: The type or namespace name 'Item' could not be found (are you missing a using directive or an assembly reference?)
[10:47:25.828 Verbose] - BuildManager - D:\SOFTUNI\C#AdvancedModule\SoftUniCSharpAdvanced\OOP\ExamPreparation\Exam-12-December-2020\Resources\03. Unit Tests_Unit_Tests_Skeleton\BankSafe.Tests\BankVaultTests.cs(29,29): error CS0246: The type or namespace name 'Item' could not be found (are you missing a using directive or an assembly reference?)
[10:47:25.828 Verbose] - BuildManager - D:\SOFTUNI\C#AdvancedModule\SoftUniCSharpAdvanced\OOP\ExamPreparation\Exam-12-December-2020\Resources\03. Unit Tests_Unit_Tests_Skeleton\BankSafe.Tests\BankVaultTests.cs(42,13): error CS0246: The type or namespace name 'Item' could not be found (are you missing a using directive or an assembly reference?)
[10:47:25.828 Verbose] - BuildManager - D:\SOFTUNI\C#AdvancedModule\SoftUniCSharpAdvanced\OOP\ExamPreparation\Exam-12-December-2020\Resources\03. Unit Tests_Unit_Tests_Skeleton\BankSafe.Tests\BankVaultTests.cs(42,29): error CS0246: The type or namespace name 'Item' could not be found (are you missing a using directive or an assembly reference?)
[10:47:25.828 Verbose] - BuildManager - D:\SOFTUNI\C#AdvancedModule\SoftUniCSharpAdvanced\OOP\ExamPreparation\Exam-12-December-2020\Resources\03. Unit Tests_Unit_Tests_Skeleton\BankSafe.Tests\BankVaultTests.cs(48,54): error CS0246: The type or namespace name 'Item' could not be found (are you missing a using directive or an assembly reference?)
[10:47:25.828 Verbose] - BuildManager - D:\SOFTUNI\C#AdvancedModule\SoftUniCSharpAdvanced\OOP\ExamPreparation\Exam-12-December-2020\Resources\03. Unit Tests_Unit_Tests_Skeleton\BankSafe.Tests\BankVaultTests.cs(57,13): error CS0246: The type or namespace name 'Item' could not be found (are you missing a using directive or an assembly reference?)
[10:47:25.828 Verbose] - BuildManager - D:\SOFTUNI\C#AdvancedModule\SoftUniCSharpAdvanced\OOP\ExamPreparation\Exam-12-December-2020\Resources\03. Unit Tests_Unit_Tests_Skeleton\BankSafe.Tests\BankVaultTests.cs(57,29): error CS0246: The type or namespace name 'Item' could not be found (are you missing a using directive or an assembly reference?)
[10:47:25.828 Verbose] - BuildManager - D:\SOFTUNI\C#AdvancedModule\SoftUniCSharpAdvanced\OOP\ExamPreparation\Exam-12-December-2020\Resources\03. Unit Tests_Unit_Tests_Skeleton\BankSafe.Tests\BankVaultTests.cs(73,13): error CS0246: The type or namespace name 'Item' could not be found (are you missing a using directive or an assembly reference?)
[10:47:25.828 Verbose] - BuildManager - D:\SOFTUNI\C#AdvancedModule\SoftUniCSharpAdvanced\OOP\ExamPreparation\Exam-12-December-2020\Resources\03. Unit Tests_Unit_Tests_Skeleton\BankSafe.Tests\BankVaultTests.cs(73,29): error CS0246: The type or namespace name 'Item' could not be found (are you missing a using directive or an assembly reference?)
[10:47:25.828 Verbose] - BuildManager - D:\SOFTUNI\C#AdvancedModule\SoftUniCSharpAdvanced\OOP\ExamPreparation\Exam-12-December-2020\Resources\03. Unit Tests_Unit_Tests_Skeleton\BankSafe.Tests\BankVaultTests.cs(86,13): error CS0246: The type or namespace name 'Item' could not be found (are you missing a using directive or an assembly reference?)
[10:47:25.828 Verbose] - BuildManager - D:\SOFTUNI\C#AdvancedModule\SoftUniCSharpAdvanced\OOP\ExamPreparation\Exam-12-December-2020\Resources\03. Unit Tests_Unit_Tests_Skeleton\BankSafe.Tests\BankVaultTests.cs(86,29): error CS0246: The type or namespace name 'Item' could not be found (are you missing a using directive or an assembly reference?)
[10:47:25.828 Verbose] - BuildManager - D:\SOFTUNI\C#AdvancedModule\SoftUniCSharpAdvanced\OOP\ExamPreparation\Exam-12-December-2020\Resources\03. Unit Tests_Unit_Tests_Skeleton\BankSafe.Tests\BankVaultTests.cs(101,13): error CS0246: The type or namespace name 'Item' could not be found (are you missing a using directive or an assembly reference?)
[10:47:25.828 Verbose] - BuildManager - D:\SOFTUNI\C#AdvancedModule\SoftUniCSharpAdvanced\OOP\ExamPreparation\Exam-12-December-2020\Resources\03. Unit Tests_Unit_Tests_Skeleton\BankSafe.Tests\BankVaultTests.cs(101,29): error CS0246: The type or namespace name 'Item' could not be found (are you missing a using directive or an assembly reference?)
[10:47:25.828 Verbose] - BuildManager - D:\SOFTUNI\C#AdvancedModule\SoftUniCSharpAdvanced\OOP\ExamPreparation\Exam-12-December-2020\Resources\03. Unit Tests_Unit_Tests_Skeleton\BankSafe.Tests\BankVaultTests.cs(102,13): error CS0246: The type or namespace name 'Item' could not be found (are you missing a using directive or an assembly reference?)
[10:47:25.828 Verbose] - BuildManager - D:\SOFTUNI\C#AdvancedModule\SoftUniCSharpAdvanced\OOP\ExamPreparation\Exam-12-December-2020\Resources\03. Unit Tests_Unit_Tests_Skeleton\BankSafe.Tests\BankVaultTests.cs(102,30): error CS0246: The type or namespace name 'Item' could not be found (are you missing a using directive or an assembly reference?)
[10:47:25.828 Verbose] - BuildManager - D:\SOFTUNI\C#AdvancedModule\SoftUniCSharpAdvanced\OOP\ExamPreparation\Exam-12-December-2020\Resources\03. Unit Tests_Unit_Tests_Skeleton\BankSafe.Tests\BankVaultTests.cs(118,13): error CS0246: The type or namespace name 'Item' could not be found (are you missing a using directive or an assembly reference?)
[10:47:25.828 Verbose] - BuildManager - D:\SOFTUNI\C#AdvancedModule\SoftUniCSharpAdvanced\OOP\ExamPreparation\Exam-12-December-2020\Resources\03. Unit Tests_Unit_Tests_Skeleton\BankSafe.Tests\BankVaultTests.cs(118,29): error CS0246: The type or namespace name 'Item' could not be found (are you missing a using directive or an assembly reference?)
[10:47:25.828 Verbose] - BuildManager - D:\SOFTUNI\C#AdvancedModule\SoftUniCSharpAdvanced\OOP\ExamPreparation\Exam-12-December-2020\Resources\03. Unit Tests_Unit_Tests_Skeleton\BankSafe.Tests\BankVaultTests.cs(132,13): error CS0246: The type or namespace name 'Item' could not be found (are you missing a using directive or an assembly reference?)
[10:47:25.828 Verbose] - BuildManager - D:\SOFTUNI\C#AdvancedModule\SoftUniCSharpAdvanced\OOP\ExamPreparation\Exam-12-December-2020\Resources\03. Unit Tests_Unit_Tests_Skeleton\BankSafe.Tests\BankVaultTests.cs(132,29): error CS0246: The type or namespace name 'Item' could not be found (are you missing a using directive or an assembly reference?)
[10:47:25.828 Verbose] - BuildManager - C:\Program Files (x86)\Microsoft Visual Studio\2019\Enterprise\MSBuild\Current\Bin\Roslyn\Microsoft.CSharp.Core.targets(71,5): error MSB4181: The "Csc" task returned false but did not log an error.
[10:47:25.831 Verbose] - BuildManager - Some of the file paths defined in the csproj under the Live Unit Testing build path are missing. Verify whether these files should be present under the Live Unit Testing build path and if necessary update the csproj definition to look these files up in a different place.
[10:47:25.831 Verbose] - BuildManager - Item _OutputPathItem 'D:\SOFTUNI\C#AdvancedModule\SoftUniCSharpAdvanced\OOP\ExamPreparation\Exam-12-December-2020\Resources\03. Unit Tests_Unit_Tests_Skeleton\.vs\BankSafe\v16\lut\0\b\BankSafe.Tests\Debug\netcoreapp3.1\' evaluated via:
_OutputPathItem: '$(OutDir)' @ C:\Program Files (x86)\Microsoft Visual Studio\2019\Enterprise\MSBuild\Current\Bin\Microsoft.Common.CurrentVersion.targets:309
  OutDir: '$([MSBuild]::EnsureTrailingSlash($([MSBuild]::ValueOrDefault('$(OutDir)', '$(OutputPath)'))))' @ C:\Program Files (x86)\Microsoft Visual Studio\2019\Enterprise\MSBuild\Current\Bin\Microsoft.Common.CurrentVersion.targets:230
    OutDir: '[Undefined]'
    OutputPath: '$([MSBuild]::EnsureTrailingSlash('$(OutputPath)'))' @ C:\Program Files (x86)\Microsoft Visual Studio\2019\Enterprise\MSBuild\Current\Bin\Microsoft.Common.CurrentVersion.targets:157
      OutputPath: '$(OutputPath)$(TargetFramework.ToLowerInvariant())\' @ C:\Program Files\dotnet\sdk\5.0.201\Sdks\Microsoft.NET.Sdk\targets\Microsoft.NET.TargetFrameworkInference.targets:242
        OutputPath: '$(BaseOutputPath)$(Configuration)\' @ C:\Program Files\dotnet\sdk\5.0.201\Sdks\Microsoft.NET.Sdk\targets\Microsoft.NET.DefaultOutputPaths.targets:33
          BaseOutputPath: 'D:\SOFTUNI\C#AdvancedModule\SoftUniCSharpAdvanced\OOP\ExamPreparation\Exam-12-December-2020\Resources\03. Unit Tests_Unit_Tests_Skeleton\.vs\BankSafe\v16\lut\0\b\BankSafe.Tests\' @ D:\SOFTUNI\C#AdvancedModule\SoftUniCSharpAdvanced\OOP\ExamPreparation\Exam-12-December-2020\Resources\03. Unit Tests_Unit_Tests_Skeleton\BankSafe.Tests\BankSafe.Tests.csproj:0
          Configuration: 'Debug'
[10:47:25.832 Verbose] - BuildManager - Item AppConfigFileDestination 'D:\SOFTUNI\C#AdvancedModule\SoftUniCSharpAdvanced\OOP\ExamPreparation\Exam-12-December-2020\Resources\03. Unit Tests_Unit_Tests_Skeleton\.vs\BankSafe\v16\lut\0\b\BankSafe.Tests\Debug\netcoreapp3.1\BankSafe.Tests.dll.config' evaluated via:
AppConfigFileDestination: '$(OutDir)$(TargetFileName).config' @ C:\Program Files (x86)\Microsoft Visual Studio\2019\Enterprise\MSBuild\Current\Bin\Microsoft.Common.CurrentVersion.targets:337
  OutDir: '$([MSBuild]::EnsureTrailingSlash($([MSBuild]::ValueOrDefault('$(OutDir)', '$(OutputPath)'))))' @ C:\Program Files (x86)\Microsoft Visual Studio\2019\Enterprise\MSBuild\Current\Bin\Microsoft.Common.CurrentVersion.targets:230
    OutDir: '[Undefined]'
    OutputPath: '$([MSBuild]::EnsureTrailingSlash('$(OutputPath)'))' @ C:\Program Files (x86)\Microsoft Visual Studio\2019\Enterprise\MSBuild\Current\Bin\Microsoft.Common.CurrentVersion.targets:157
      OutputPath: '$(OutputPath)$(TargetFramework.ToLowerInvariant())\' @ C:\Program Files\dotnet\sdk\5.0.201\Sdks\Microsoft.NET.Sdk\targets\Microsoft.NET.TargetFrameworkInference.targets:242
        OutputPath: '$(BaseOutputPath)$(Configuration)\' @ C:\Program Files\dotnet\sdk\5.0.201\Sdks\Microsoft.NET.Sdk\targets\Microsoft.NET.DefaultOutputPaths.targets:33
          BaseOutputPath: 'D:\SOFTUNI\C#AdvancedModule\SoftUniCSharpAdvanced\OOP\ExamPreparation\Exam-12-December-2020\Resources\03. Unit Tests_Unit_Tests_Skeleton\.vs\BankSafe\v16\lut\0\b\BankSafe.Tests\' @ D:\SOFTUNI\C#AdvancedModule\SoftUniCSharpAdvanced\OOP\ExamPreparation\Exam-12-December-2020\Resources\03. Unit Tests_Unit_Tests_Skeleton\BankSafe.Tests\BankSafe.Tests.csproj:0
          Configuration: 'Debug'
  TargetFileName: '$(TargetName)$(TargetExt)' @ C:\Program Files (x86)\Microsoft Visual Studio\2019\Enterprise\MSBuild\Current\Bin\Microsoft.Common.CurrentVersion.targets:247
    TargetName: '$(AssemblyName)' @ C:\Program Files (x86)\Microsoft Visual Studio\2019\Enterprise\MSBuild\Current\Bin\Microsoft.Common.CurrentVersion.targets:239
      AssemblyName: '$(MSBuildProjectName)' @ C:\Program Files\dotnet\sdk\5.0.201\Sdks\Microsoft.NET.Sdk\targets\Microsoft.NET.Sdk.props:32
        MSBuildProjectName: 'BankSafe.Tests'
    TargetExt: '.dll' @ C:\Program Files\dotnet\sdk\5.0.201\Sdks\Microsoft.NET.Sdk\targets\Microsoft.NET.Sdk.BeforeCommon.targets:101
[10:47:25.832 Verbose] - BuildManager - Item _DebugSymbolsOutputPath 'D:\SOFTUNI\C#AdvancedModule\SoftUniCSharpAdvanced\OOP\ExamPreparation\Exam-12-December-2020\Resources\03. Unit Tests_Unit_Tests_Skeleton\.vs\BankSafe\v16\lut\0\b\BankSafe.Tests\Debug\netcoreapp3.1\BankSafe.Tests.pdb' evaluated via:
_DebugSymbolsOutputPath: '@(_DebugSymbolsIntermediatePath->'$(OutDir)%(Filename)%(Extension)')' @ C:\Program Files (x86)\Microsoft Visual Studio\2019\Enterprise\MSBuild\Current\Bin\Microsoft.Common.CurrentVersion.targets:400
  OutDir: '$([MSBuild]::EnsureTrailingSlash($([MSBuild]::ValueOrDefault('$(OutDir)', '$(OutputPath)'))))' @ C:\Program Files (x86)\Microsoft Visual Studio\2019\Enterprise\MSBuild\Current\Bin\Microsoft.Common.CurrentVersion.targets:230
    OutDir: '[Undefined]'
    OutputPath: '$([MSBuild]::EnsureTrailingSlash('$(OutputPath)'))' @ C:\Program Files (x86)\Microsoft Visual Studio\2019\Enterprise\MSBuild\Current\Bin\Microsoft.Common.CurrentVersion.targets:157
      OutputPath: '$(OutputPath)$(TargetFramework.ToLowerInvariant())\' @ C:\Program Files\dotnet\sdk\5.0.201\Sdks\Microsoft.NET.Sdk\targets\Microsoft.NET.TargetFrameworkInference.targets:242
        OutputPath: '$(BaseOutputPath)$(Configuration)\' @ C:\Program Files\dotnet\sdk\5.0.201\Sdks\Microsoft.NET.Sdk\targets\Microsoft.NET.DefaultOutputPaths.targets:33
          BaseOutputPath: 'D:\SOFTUNI\C#AdvancedModule\SoftUniCSharpAdvanced\OOP\ExamPreparation\Exam-12-December-2020\Resources\03. Unit Tests_Unit_Tests_Skeleton\.vs\BankSafe\v16\lut\0\b\BankSafe.Tests\' @ D:\SOFTUNI\C#AdvancedModule\SoftUniCSharpAdvanced\OOP\ExamPreparation\Exam-12-December-2020\Resources\03. Unit Tests_Unit_Tests_Skeleton\BankSafe.Tests\BankSafe.Tests.csproj:0
          Configuration: 'Debug'
[10:47:25.832 Verbose] - BuildManager - Item _ApplicationManifestFinal 'D:\SOFTUNI\C#AdvancedModule\SoftUniCSharpAdvanced\OOP\ExamPreparation\Exam-12-December-2020\Resources\03. Unit Tests_Unit_Tests_Skeleton\.vs\BankSafe\v16\lut\0\b\BankSafe.Tests\Debug\netcoreapp3.1\Native.BankSafe.Tests.manifest' evaluated via:
_ApplicationManifestFinal: '$(OutDir)$(_DeploymentTargetApplicationManifestFileName)' @ C:\Program Files (x86)\Microsoft Visual Studio\2019\Enterprise\MSBuild\Current\Bin\Microsoft.Common.CurrentVersion.targets:438
  OutDir: '$([MSBuild]::EnsureTrailingSlash($([MSBuild]::ValueOrDefault('$(OutDir)', '$(OutputPath)'))))' @ C:\Program Files (x86)\Microsoft Visual Studio\2019\Enterprise\MSBuild\Current\Bin\Microsoft.Common.CurrentVersion.targets:230
    OutDir: '[Undefined]'
    OutputPath: '$([MSBuild]::EnsureTrailingSlash('$(OutputPath)'))' @ C:\Program Files (x86)\Microsoft Visual Studio\2019\Enterprise\MSBuild\Current\Bin\Microsoft.Common.CurrentVersion.targets:157
      OutputPath: '$(OutputPath)$(TargetFramework.ToLowerInvariant())\' @ C:\Program Files\dotnet\sdk\5.0.201\Sdks\Microsoft.NET.Sdk\targets\Microsoft.NET.TargetFrameworkInference.targets:242
        OutputPath: '$(BaseOutputPath)$(Configuration)\' @ C:\Program Files\dotnet\sdk\5.0.201\Sdks\Microsoft.NET.Sdk\targets\Microsoft.NET.DefaultOutputPaths.targets:33
          BaseOutputPath: 'D:\SOFTUNI\C#AdvancedModule\SoftUniCSharpAdvanced\OOP\ExamPreparation\Exam-12-December-2020\Resources\03. Unit Tests_Unit_Tests_Skeleton\.vs\BankSafe\v16\lut\0\b\BankSafe.Tests\' @ D:\SOFTUNI\C#AdvancedModule\SoftUniCSharpAdvanced\OOP\ExamPreparation\Exam-12-December-2020\Resources\03. Unit Tests_Unit_Tests_Skeleton\BankSafe.Tests\BankSafe.Tests.csproj:0
          Configuration: 'Debug'
  _DeploymentTargetApplicationManifestFileName: 'Native.$(AssemblyName).manifest' @ C:\Program Files (x86)\Microsoft Visual Studio\2019\Enterprise\MSBuild\Current\Bin\Microsoft.Common.CurrentVersion.targets:263
    AssemblyName: '$(MSBuildProjectName)' @ C:\Program Files\dotnet\sdk\5.0.201\Sdks\Microsoft.NET.Sdk\targets\Microsoft.NET.Sdk.props:32
      MSBuildProjectName: 'BankSafe.Tests'
