[10:41:41.581 Verbose] - BuildManager - D:\SOFTUNI\C#AdvancedModule\SoftUniCSharpAdvanced\OOP\ExamPreparation\Exam-19-December-2020\Resources\03. Unit Tests_Skeleton\FestivalManager.Tests\StageTests.cs(14,11): error CS0246: The type or namespace name 'Stage' could not be found (are you missing a using directive or an assembly reference?)
[10:41:41.581 Verbose] - BuildManager - D:\SOFTUNI\C#AdvancedModule\SoftUniCSharpAdvanced\OOP\ExamPreparation\Exam-19-December-2020\Resources\03. Unit Tests_Skeleton\FestivalManager.Tests\StageTests.cs(19,16): error CS0246: The type or namespace name 'Stage' could not be found (are you missing a using directive or an assembly reference?)
[10:41:41.581 Verbose] - BuildManager - D:\SOFTUNI\C#AdvancedModule\SoftUniCSharpAdvanced\OOP\ExamPreparation\Exam-19-December-2020\Resources\03. Unit Tests_Skeleton\FestivalManager.Tests\StageTests.cs(33,4): error CS0246: The type or namespace name 'Performer' could not be found (are you missing a using directive or an assembly reference?)
[10:41:41.581 Verbose] - BuildManager - D:\SOFTUNI\C#AdvancedModule\SoftUniCSharpAdvanced\OOP\ExamPreparation\Exam-19-December-2020\Resources\03. Unit Tests_Skeleton\FestivalManager.Tests\StageTests.cs(45,4): error CS0246: The type or namespace name 'Performer' could not be found (are you missing a using directive or an assembly reference?)
[10:41:41.581 Verbose] - BuildManager - D:\SOFTUNI\C#AdvancedModule\SoftUniCSharpAdvanced\OOP\ExamPreparation\Exam-19-December-2020\Resources\03. Unit Tests_Skeleton\FestivalManager.Tests\StageTests.cs(45,30): error CS0246: The type or namespace name 'Performer' could not be found (are you missing a using directive or an assembly reference?)
[10:41:41.581 Verbose] - BuildManager - D:\SOFTUNI\C#AdvancedModule\SoftUniCSharpAdvanced\OOP\ExamPreparation\Exam-19-December-2020\Resources\03. Unit Tests_Skeleton\FestivalManager.Tests\StageTests.cs(57,4): error CS0246: The type or namespace name 'Performer' could not be found (are you missing a using directive or an assembly reference?)
[10:41:41.581 Verbose] - BuildManager - D:\SOFTUNI\C#AdvancedModule\SoftUniCSharpAdvanced\OOP\ExamPreparation\Exam-19-December-2020\Resources\03. Unit Tests_Skeleton\FestivalManager.Tests\StageTests.cs(57,30): error CS0246: The type or namespace name 'Performer' could not be found (are you missing a using directive or an assembly reference?)
[10:41:41.581 Verbose] - BuildManager - D:\SOFTUNI\C#AdvancedModule\SoftUniCSharpAdvanced\OOP\ExamPreparation\Exam-19-December-2020\Resources\03. Unit Tests_Skeleton\FestivalManager.Tests\StageTests.cs(67,4): error CS0246: The type or namespace name 'Song' could not be found (are you missing a using directive or an assembly reference?)
[10:41:41.581 Verbose] - BuildManager - D:\SOFTUNI\C#AdvancedModule\SoftUniCSharpAdvanced\OOP\ExamPreparation\Exam-19-December-2020\Resources\03. Unit Tests_Skeleton\FestivalManager.Tests\StageTests.cs(79,4): error CS0246: The type or namespace name 'Song' could not be found (are you missing a using directive or an assembly reference?)
[10:41:41.581 Verbose] - BuildManager - D:\SOFTUNI\C#AdvancedModule\SoftUniCSharpAdvanced\OOP\ExamPreparation\Exam-19-December-2020\Resources\03. Unit Tests_Skeleton\FestivalManager.Tests\StageTests.cs(79,20): error CS0246: The type or namespace name 'Song' could not be found (are you missing a using directive or an assembly reference?)
[10:41:41.581 Verbose] - BuildManager - D:\SOFTUNI\C#AdvancedModule\SoftUniCSharpAdvanced\OOP\ExamPreparation\Exam-19-December-2020\Resources\03. Unit Tests_Skeleton\FestivalManager.Tests\StageTests.cs(93,4): error CS0246: The type or namespace name 'Performer' could not be found (are you missing a using directive or an assembly reference?)
[10:41:41.581 Verbose] - BuildManager - D:\SOFTUNI\C#AdvancedModule\SoftUniCSharpAdvanced\OOP\ExamPreparation\Exam-19-December-2020\Resources\03. Unit Tests_Skeleton\FestivalManager.Tests\StageTests.cs(93,30): error CS0246: The type or namespace name 'Performer' could not be found (are you missing a using directive or an assembly reference?)
[10:41:41.581 Verbose] - BuildManager - D:\SOFTUNI\C#AdvancedModule\SoftUniCSharpAdvanced\OOP\ExamPreparation\Exam-19-December-2020\Resources\03. Unit Tests_Skeleton\FestivalManager.Tests\StageTests.cs(94,4): error CS0246: The type or namespace name 'Song' could not be found (are you missing a using directive or an assembly reference?)
[10:41:41.581 Verbose] - BuildManager - D:\SOFTUNI\C#AdvancedModule\SoftUniCSharpAdvanced\OOP\ExamPreparation\Exam-19-December-2020\Resources\03. Unit Tests_Skeleton\FestivalManager.Tests\StageTests.cs(94,20): error CS0246: The type or namespace name 'Song' could not be found (are you missing a using directive or an assembly reference?)
[10:41:41.581 Verbose] - BuildManager - D:\SOFTUNI\C#AdvancedModule\SoftUniCSharpAdvanced\OOP\ExamPreparation\Exam-19-December-2020\Resources\03. Unit Tests_Skeleton\FestivalManager.Tests\StageTests.cs(109,4): error CS0246: The type or namespace name 'Performer' could not be found (are you missing a using directive or an assembly reference?)
[10:41:41.581 Verbose] - BuildManager - D:\SOFTUNI\C#AdvancedModule\SoftUniCSharpAdvanced\OOP\ExamPreparation\Exam-19-December-2020\Resources\03. Unit Tests_Skeleton\FestivalManager.Tests\StageTests.cs(109,30): error CS0246: The type or namespace name 'Performer' could not be found (are you missing a using directive or an assembly reference?)
[10:41:41.581 Verbose] - BuildManager - D:\SOFTUNI\C#AdvancedModule\SoftUniCSharpAdvanced\OOP\ExamPreparation\Exam-19-December-2020\Resources\03. Unit Tests_Skeleton\FestivalManager.Tests\StageTests.cs(110,4): error CS0246: The type or namespace name 'Song' could not be found (are you missing a using directive or an assembly reference?)
[10:41:41.581 Verbose] - BuildManager - D:\SOFTUNI\C#AdvancedModule\SoftUniCSharpAdvanced\OOP\ExamPreparation\Exam-19-December-2020\Resources\03. Unit Tests_Skeleton\FestivalManager.Tests\StageTests.cs(110,20): error CS0246: The type or namespace name 'Song' could not be found (are you missing a using directive or an assembly reference?)
[10:41:41.581 Verbose] - BuildManager - D:\SOFTUNI\C#AdvancedModule\SoftUniCSharpAdvanced\OOP\ExamPreparation\Exam-19-December-2020\Resources\03. Unit Tests_Skeleton\FestivalManager.Tests\StageTests.cs(125,4): error CS0246: The type or namespace name 'Performer' could not be found (are you missing a using directive or an assembly reference?)
[10:41:41.581 Verbose] - BuildManager - D:\SOFTUNI\C#AdvancedModule\SoftUniCSharpAdvanced\OOP\ExamPreparation\Exam-19-December-2020\Resources\03. Unit Tests_Skeleton\FestivalManager.Tests\StageTests.cs(125,30): error CS0246: The type or namespace name 'Performer' could not be found (are you missing a using directive or an assembly reference?)
[10:41:41.581 Verbose] - BuildManager - D:\SOFTUNI\C#AdvancedModule\SoftUniCSharpAdvanced\OOP\ExamPreparation\Exam-19-December-2020\Resources\03. Unit Tests_Skeleton\FestivalManager.Tests\StageTests.cs(126,4): error CS0246: The type or namespace name 'Song' could not be found (are you missing a using directive or an assembly reference?)
[10:41:41.581 Verbose] - BuildManager - D:\SOFTUNI\C#AdvancedModule\SoftUniCSharpAdvanced\OOP\ExamPreparation\Exam-19-December-2020\Resources\03. Unit Tests_Skeleton\FestivalManager.Tests\StageTests.cs(126,20): error CS0246: The type or namespace name 'Song' could not be found (are you missing a using directive or an assembly reference?)
[10:41:41.581 Verbose] - BuildManager - D:\SOFTUNI\C#AdvancedModule\SoftUniCSharpAdvanced\OOP\ExamPreparation\Exam-19-December-2020\Resources\03. Unit Tests_Skeleton\FestivalManager.Tests\StageTests.cs(141,4): error CS0246: The type or namespace name 'Performer' could not be found (are you missing a using directive or an assembly reference?)
[10:41:41.581 Verbose] - BuildManager - D:\SOFTUNI\C#AdvancedModule\SoftUniCSharpAdvanced\OOP\ExamPreparation\Exam-19-December-2020\Resources\03. Unit Tests_Skeleton\FestivalManager.Tests\StageTests.cs(141,30): error CS0246: The type or namespace name 'Performer' could not be found (are you missing a using directive or an assembly reference?)
[10:41:41.581 Verbose] - BuildManager - D:\SOFTUNI\C#AdvancedModule\SoftUniCSharpAdvanced\OOP\ExamPreparation\Exam-19-December-2020\Resources\03. Unit Tests_Skeleton\FestivalManager.Tests\StageTests.cs(142,4): error CS0246: The type or namespace name 'Song' could not be found (are you missing a using directive or an assembly reference?)
[10:41:41.581 Verbose] - BuildManager - D:\SOFTUNI\C#AdvancedModule\SoftUniCSharpAdvanced\OOP\ExamPreparation\Exam-19-December-2020\Resources\03. Unit Tests_Skeleton\FestivalManager.Tests\StageTests.cs(142,20): error CS0246: The type or namespace name 'Song' could not be found (are you missing a using directive or an assembly reference?)
[10:41:41.581 Verbose] - BuildManager - D:\SOFTUNI\C#AdvancedModule\SoftUniCSharpAdvanced\OOP\ExamPreparation\Exam-19-December-2020\Resources\03. Unit Tests_Skeleton\FestivalManager.Tests\StageTests.cs(155,4): error CS0246: The type or namespace name 'Performer' could not be found (are you missing a using directive or an assembly reference?)
[10:41:41.581 Verbose] - BuildManager - D:\SOFTUNI\C#AdvancedModule\SoftUniCSharpAdvanced\OOP\ExamPreparation\Exam-19-December-2020\Resources\03. Unit Tests_Skeleton\FestivalManager.Tests\StageTests.cs(155,30): error CS0246: The type or namespace name 'Performer' could not be found (are you missing a using directive or an assembly reference?)
[10:41:41.581 Verbose] - BuildManager - D:\SOFTUNI\C#AdvancedModule\SoftUniCSharpAdvanced\OOP\ExamPreparation\Exam-19-December-2020\Resources\03. Unit Tests_Skeleton\FestivalManager.Tests\StageTests.cs(156,4): error CS0246: The type or namespace name 'Song' could not be found (are you missing a using directive or an assembly reference?)
[10:41:41.581 Verbose] - BuildManager - D:\SOFTUNI\C#AdvancedModule\SoftUniCSharpAdvanced\OOP\ExamPreparation\Exam-19-December-2020\Resources\03. Unit Tests_Skeleton\FestivalManager.Tests\StageTests.cs(156,20): error CS0246: The type or namespace name 'Song' could not be found (are you missing a using directive or an assembly reference?)
[10:41:41.581 Verbose] - BuildManager - D:\SOFTUNI\C#AdvancedModule\SoftUniCSharpAdvanced\OOP\ExamPreparation\Exam-19-December-2020\Resources\03. Unit Tests_Skeleton\FestivalManager.Tests\StageTests.cs(157,4): error CS0246: The type or namespace name 'Performer' could not be found (are you missing a using directive or an assembly reference?)
[10:41:41.581 Verbose] - BuildManager - D:\SOFTUNI\C#AdvancedModule\SoftUniCSharpAdvanced\OOP\ExamPreparation\Exam-19-December-2020\Resources\03. Unit Tests_Skeleton\FestivalManager.Tests\StageTests.cs(157,31): error CS0246: The type or namespace name 'Performer' could not be found (are you missing a using directive or an assembly reference?)
[10:41:41.581 Verbose] - BuildManager - D:\SOFTUNI\C#AdvancedModule\SoftUniCSharpAdvanced\OOP\ExamPreparation\Exam-19-December-2020\Resources\03. Unit Tests_Skeleton\FestivalManager.Tests\StageTests.cs(158,4): error CS0246: The type or namespace name 'Song' could not be found (are you missing a using directive or an assembly reference?)
[10:41:41.581 Verbose] - BuildManager - D:\SOFTUNI\C#AdvancedModule\SoftUniCSharpAdvanced\OOP\ExamPreparation\Exam-19-December-2020\Resources\03. Unit Tests_Skeleton\FestivalManager.Tests\StageTests.cs(158,21): error CS0246: The type or namespace name 'Song' could not be found (are you missing a using directive or an assembly reference?)
[10:41:41.581 Verbose] - BuildManager - C:\Program Files (x86)\Microsoft Visual Studio\2019\Enterprise\MSBuild\Current\Bin\Roslyn\Microsoft.CSharp.Core.targets(71,5): error MSB4181: The "Csc" task returned false but did not log an error.
[10:41:41.590 Verbose] - BuildManager - Some of the file paths defined in the csproj under the Live Unit Testing build path are missing. Verify whether these files should be present under the Live Unit Testing build path and if necessary update the csproj definition to look these files up in a different place.
[10:41:41.590 Verbose] - BuildManager - Item _OutputPathItem 'D:\SOFTUNI\C#AdvancedModule\SoftUniCSharpAdvanced\OOP\ExamPreparation\Exam-19-December-2020\Resources\03. Unit Tests_Skeleton\.vs\FestivalManager\v16\lut\0\b\FestivalManager.Tests\Debug\netcoreapp3.1\' evaluated via:
_OutputPathItem: '$(OutDir)' @ C:\Program Files (x86)\Microsoft Visual Studio\2019\Enterprise\MSBuild\Current\Bin\Microsoft.Common.CurrentVersion.targets:309
  OutDir: '$([MSBuild]::EnsureTrailingSlash($([MSBuild]::ValueOrDefault('$(OutDir)', '$(OutputPath)'))))' @ C:\Program Files (x86)\Microsoft Visual Studio\2019\Enterprise\MSBuild\Current\Bin\Microsoft.Common.CurrentVersion.targets:230
    OutDir: '[Undefined]'
    OutputPath: '$([MSBuild]::EnsureTrailingSlash('$(OutputPath)'))' @ C:\Program Files (x86)\Microsoft Visual Studio\2019\Enterprise\MSBuild\Current\Bin\Microsoft.Common.CurrentVersion.targets:157
      OutputPath: '$(OutputPath)$(TargetFramework.ToLowerInvariant())\' @ C:\Program Files\dotnet\sdk\5.0.201\Sdks\Microsoft.NET.Sdk\targets\Microsoft.NET.TargetFrameworkInference.targets:242
        OutputPath: '$(BaseOutputPath)$(Configuration)\' @ C:\Program Files\dotnet\sdk\5.0.201\Sdks\Microsoft.NET.Sdk\targets\Microsoft.NET.DefaultOutputPaths.targets:33
          BaseOutputPath: 'D:\SOFTUNI\C#AdvancedModule\SoftUniCSharpAdvanced\OOP\ExamPreparation\Exam-19-December-2020\Resources\03. Unit Tests_Skeleton\.vs\FestivalManager\v16\lut\0\b\FestivalManager.Tests\' @ D:\SOFTUNI\C#AdvancedModule\SoftUniCSharpAdvanced\OOP\ExamPreparation\Exam-19-December-2020\Resources\03. Unit Tests_Skeleton\FestivalManager.Tests\FestivalManager.Tests.csproj:0
          Configuration: 'Debug'
[10:41:41.591 Verbose] - BuildManager - Item AppConfigFileDestination 'D:\SOFTUNI\C#AdvancedModule\SoftUniCSharpAdvanced\OOP\ExamPreparation\Exam-19-December-2020\Resources\03. Unit Tests_Skeleton\.vs\FestivalManager\v16\lut\0\b\FestivalManager.Tests\Debug\netcoreapp3.1\FestivalManager.Tests.dll.config' evaluated via:
AppConfigFileDestination: '$(OutDir)$(TargetFileName).config' @ C:\Program Files (x86)\Microsoft Visual Studio\2019\Enterprise\MSBuild\Current\Bin\Microsoft.Common.CurrentVersion.targets:337
  OutDir: '$([MSBuild]::EnsureTrailingSlash($([MSBuild]::ValueOrDefault('$(OutDir)', '$(OutputPath)'))))' @ C:\Program Files (x86)\Microsoft Visual Studio\2019\Enterprise\MSBuild\Current\Bin\Microsoft.Common.CurrentVersion.targets:230
    OutDir: '[Undefined]'
    OutputPath: '$([MSBuild]::EnsureTrailingSlash('$(OutputPath)'))' @ C:\Program Files (x86)\Microsoft Visual Studio\2019\Enterprise\MSBuild\Current\Bin\Microsoft.Common.CurrentVersion.targets:157
      OutputPath: '$(OutputPath)$(TargetFramework.ToLowerInvariant())\' @ C:\Program Files\dotnet\sdk\5.0.201\Sdks\Microsoft.NET.Sdk\targets\Microsoft.NET.TargetFrameworkInference.targets:242
        OutputPath: '$(BaseOutputPath)$(Configuration)\' @ C:\Program Files\dotnet\sdk\5.0.201\Sdks\Microsoft.NET.Sdk\targets\Microsoft.NET.DefaultOutputPaths.targets:33
          BaseOutputPath: 'D:\SOFTUNI\C#AdvancedModule\SoftUniCSharpAdvanced\OOP\ExamPreparation\Exam-19-December-2020\Resources\03. Unit Tests_Skeleton\.vs\FestivalManager\v16\lut\0\b\FestivalManager.Tests\' @ D:\SOFTUNI\C#AdvancedModule\SoftUniCSharpAdvanced\OOP\ExamPreparation\Exam-19-December-2020\Resources\03. Unit Tests_Skeleton\FestivalManager.Tests\FestivalManager.Tests.csproj:0
          Configuration: 'Debug'
  TargetFileName: '$(TargetName)$(TargetExt)' @ C:\Program Files (x86)\Microsoft Visual Studio\2019\Enterprise\MSBuild\Current\Bin\Microsoft.Common.CurrentVersion.targets:247
    TargetName: '$(AssemblyName)' @ C:\Program Files (x86)\Microsoft Visual Studio\2019\Enterprise\MSBuild\Current\Bin\Microsoft.Common.CurrentVersion.targets:239
      AssemblyName: '$(MSBuildProjectName)' @ C:\Program Files\dotnet\sdk\5.0.201\Sdks\Microsoft.NET.Sdk\targets\Microsoft.NET.Sdk.props:32
        MSBuildProjectName: 'FestivalManager.Tests'
    TargetExt: '.dll' @ C:\Program Files\dotnet\sdk\5.0.201\Sdks\Microsoft.NET.Sdk\targets\Microsoft.NET.Sdk.BeforeCommon.targets:101
[10:41:41.591 Verbose] - BuildManager - Item _DebugSymbolsOutputPath 'D:\SOFTUNI\C#AdvancedModule\SoftUniCSharpAdvanced\OOP\ExamPreparation\Exam-19-December-2020\Resources\03. Unit Tests_Skeleton\.vs\FestivalManager\v16\lut\0\b\FestivalManager.Tests\Debug\netcoreapp3.1\FestivalManager.Tests.pdb' evaluated via:
_DebugSymbolsOutputPath: '@(_DebugSymbolsIntermediatePath->'$(OutDir)%(Filename)%(Extension)')' @ C:\Program Files (x86)\Microsoft Visual Studio\2019\Enterprise\MSBuild\Current\Bin\Microsoft.Common.CurrentVersion.targets:400
  OutDir: '$([MSBuild]::EnsureTrailingSlash($([MSBuild]::ValueOrDefault('$(OutDir)', '$(OutputPath)'))))' @ C:\Program Files (x86)\Microsoft Visual Studio\2019\Enterprise\MSBuild\Current\Bin\Microsoft.Common.CurrentVersion.targets:230
    OutDir: '[Undefined]'
    OutputPath: '$([MSBuild]::EnsureTrailingSlash('$(OutputPath)'))' @ C:\Program Files (x86)\Microsoft Visual Studio\2019\Enterprise\MSBuild\Current\Bin\Microsoft.Common.CurrentVersion.targets:157
      OutputPath: '$(OutputPath)$(TargetFramework.ToLowerInvariant())\' @ C:\Program Files\dotnet\sdk\5.0.201\Sdks\Microsoft.NET.Sdk\targets\Microsoft.NET.TargetFrameworkInference.targets:242
        OutputPath: '$(BaseOutputPath)$(Configuration)\' @ C:\Program Files\dotnet\sdk\5.0.201\Sdks\Microsoft.NET.Sdk\targets\Microsoft.NET.DefaultOutputPaths.targets:33
          BaseOutputPath: 'D:\SOFTUNI\C#AdvancedModule\SoftUniCSharpAdvanced\OOP\ExamPreparation\Exam-19-December-2020\Resources\03. Unit Tests_Skeleton\.vs\FestivalManager\v16\lut\0\b\FestivalManager.Tests\' @ D:\SOFTUNI\C#AdvancedModule\SoftUniCSharpAdvanced\OOP\ExamPreparation\Exam-19-December-2020\Resources\03. Unit Tests_Skeleton\FestivalManager.Tests\FestivalManager.Tests.csproj:0
          Configuration: 'Debug'
[10:41:41.591 Verbose] - BuildManager - Item _ApplicationManifestFinal 'D:\SOFTUNI\C#AdvancedModule\SoftUniCSharpAdvanced\OOP\ExamPreparation\Exam-19-December-2020\Resources\03. Unit Tests_Skeleton\.vs\FestivalManager\v16\lut\0\b\FestivalManager.Tests\Debug\netcoreapp3.1\Native.FestivalManager.Tests.manifest' evaluated via:
_ApplicationManifestFinal: '$(OutDir)$(_DeploymentTargetApplicationManifestFileName)' @ C:\Program Files (x86)\Microsoft Visual Studio\2019\Enterprise\MSBuild\Current\Bin\Microsoft.Common.CurrentVersion.targets:438
  OutDir: '$([MSBuild]::EnsureTrailingSlash($([MSBuild]::ValueOrDefault('$(OutDir)', '$(OutputPath)'))))' @ C:\Program Files (x86)\Microsoft Visual Studio\2019\Enterprise\MSBuild\Current\Bin\Microsoft.Common.CurrentVersion.targets:230
    OutDir: '[Undefined]'
    OutputPath: '$([MSBuild]::EnsureTrailingSlash('$(OutputPath)'))' @ C:\Program Files (x86)\Microsoft Visual Studio\2019\Enterprise\MSBuild\Current\Bin\Microsoft.Common.CurrentVersion.targets:157
      OutputPath: '$(OutputPath)$(TargetFramework.ToLowerInvariant())\' @ C:\Program Files\dotnet\sdk\5.0.201\Sdks\Microsoft.NET.Sdk\targets\Microsoft.NET.TargetFrameworkInference.targets:242
        OutputPath: '$(BaseOutputPath)$(Configuration)\' @ C:\Program Files\dotnet\sdk\5.0.201\Sdks\Microsoft.NET.Sdk\targets\Microsoft.NET.DefaultOutputPaths.targets:33
          BaseOutputPath: 'D:\SOFTUNI\C#AdvancedModule\SoftUniCSharpAdvanced\OOP\ExamPreparation\Exam-19-December-2020\Resources\03. Unit Tests_Skeleton\.vs\FestivalManager\v16\lut\0\b\FestivalManager.Tests\' @ D:\SOFTUNI\C#AdvancedModule\SoftUniCSharpAdvanced\OOP\ExamPreparation\Exam-19-December-2020\Resources\03. Unit Tests_Skeleton\FestivalManager.Tests\FestivalManager.Tests.csproj:0
          Configuration: 'Debug'
  _DeploymentTargetApplicationManifestFileName: 'Native.$(AssemblyName).manifest' @ C:\Program Files (x86)\Microsoft Visual Studio\2019\Enterprise\MSBuild\Current\Bin\Microsoft.Common.CurrentVersion.targets:263
    AssemblyName: '$(MSBuildProjectName)' @ C:\Program Files\dotnet\sdk\5.0.201\Sdks\Microsoft.NET.Sdk\targets\Microsoft.NET.Sdk.props:32
      MSBuildProjectName: 'FestivalManager.Tests'
